<?xml version="1.0" encoding="UTF-8"?>
<testng-results ignored="0" total="1" passed="1" failed="0" skipped="0">
  <reporter-output>
  </reporter-output>
  <suite started-at="2020-05-12T15:22:41 EDT" name="TestMavenJenkins" finished-at="2020-05-12T15:22:49 EDT" duration-ms="8246">
    <groups>
    </groups>
    <test started-at="2020-05-12T15:22:41 EDT" name="Command line test" finished-at="2020-05-12T15:22:49 EDT" duration-ms="8246">
      <class name="TestMavenJenkins">
        <test-method signature="searchTest()[pri:0, instance:TestMavenJenkins@470f1802]" started-at="2020-05-12T15:22:41 EDT" name="searchTest" finished-at="2020-05-12T15:22:49 EDT" duration-ms="8183" status="PASS">
          <reporter-output>
          </reporter-output>
        </test-method> <!-- searchTest -->
      </class> <!-- TestMavenJenkins -->
    </test> <!-- Command line test -->
  </suite> <!-- TestMavenJenkins -->
</testng-results>
