<?xml version="1.0" encoding="UTF-8"?>
<testng-results ignored="0" total="1" passed="1" failed="0" skipped="0">
  <reporter-output>
  </reporter-output>
  <suite started-at="2020-05-12T15:29:38 EDT" name="Default suite" finished-at="2020-05-12T15:29:45 EDT" duration-ms="6169">
    <groups>
    </groups>
    <test started-at="2020-05-12T15:29:38 EDT" name="Default test" finished-at="2020-05-12T15:29:45 EDT" duration-ms="6169">
      <class name="TestMavenJenkins">
        <test-method signature="searchTest()[pri:0, instance:TestMavenJenkins@291b4bf5]" started-at="2020-05-12T15:29:38 EDT" name="searchTest" finished-at="2020-05-12T15:29:45 EDT" duration-ms="6130" status="PASS">
          <reporter-output>
          </reporter-output>
        </test-method> <!-- searchTest -->
      </class> <!-- TestMavenJenkins -->
    </test> <!-- Default test -->
  </suite> <!-- Default suite -->
</testng-results>
